2026-01-25 18:23:40,153 | INFO     | logger:setup_logging:25 - 日志已初始化。写入文件: logs/server_20260125_182340.log
2026-01-25 18:23:40,303 | INFO     | config:<module>:22 - ✅ Loaded .env from: I:\AI面试\app\.env
2026-01-25 18:23:40,344 | INFO     | main:<module>:28 - Application initialized with modular structure.
2026-01-25 18:25:01,447 | INFO     | llm_service:generate_thought_response:24 - 尝试模型: GLM-4.6 (zai-org/GLM-4.6)...
2026-01-25 18:25:47,678 | INFO     | llm_service:generate_thought_response:24 - 尝试模型: GLM-4.6 (zai-org/GLM-4.6)...
2026-01-25 18:25:53,972 | ERROR    | interview:generate_tts:367 - TTS Error: name 'httpx' is not defined
2026-01-25 18:41:40,457 | INFO     | llm_service:generate_thought_response:24 - 尝试模型: GLM-4.6 (zai-org/GLM-4.6)...
2026-01-25 18:41:45,618 | INFO     | llm_service:generate_thought_response:24 - 尝试模型: GLM-4.6 (zai-org/GLM-4.6)...
2026-01-25 18:41:49,273 | ERROR    | interview:generate_tts:367 - TTS Error: name 'httpx' is not defined
2026-01-25 18:42:26,224 | ERROR    | interview:chat_audio:305 - Chat Error: 
Traceback (most recent call last):
  File "I:\AI面试\app\venv\Lib\site-packages\httpx\_transports\default.py", line 101, in map_httpcore_exceptions
    yield
  File "I:\AI面试\app\venv\Lib\site-packages\httpx\_transports\default.py", line 394, in handle_async_request
    resp = await self._pool.handle_async_request(req)
           ^^^^^^^^^^^^^^^^^^^^^^^^^^^^^^^^^^^^^^^^^^
  File "I:\AI面试\app\venv\Lib\site-packages\httpcore\_async\connection_pool.py", line 256, in handle_async_request
    raise exc from None
  File "I:\AI面试\app\venv\Lib\site-packages\httpcore\_async\connection_pool.py", line 236, in handle_async_request
    response = await connection.handle_async_request(
               ^^^^^^^^^^^^^^^^^^^^^^^^^^^^^^^^^^^^^^
  File "I:\AI面试\app\venv\Lib\site-packages\httpcore\_async\http_proxy.py", line 343, in handle_async_request
    return await self._connection.handle_async_request(request)
           ^^^^^^^^^^^^^^^^^^^^^^^^^^^^^^^^^^^^^^^^^^^^^^^^^^^^
  File "I:\AI面试\app\venv\Lib\site-packages\httpcore\_async\http11.py", line 136, in handle_async_request
    raise exc
  File "I:\AI面试\app\venv\Lib\site-packages\httpcore\_async\http11.py", line 106, in handle_async_request
    ) = await self._receive_response_headers(**kwargs)
        ^^^^^^^^^^^^^^^^^^^^^^^^^^^^^^^^^^^^^^^^^^^^^^
  File "I:\AI面试\app\venv\Lib\site-packages\httpcore\_async\http11.py", line 177, in _receive_response_headers
    event = await self._receive_event(timeout=timeout)
            ^^^^^^^^^^^^^^^^^^^^^^^^^^^^^^^^^^^^^^^^^^
  File "I:\AI面试\app\venv\Lib\site-packages\httpcore\_async\http11.py", line 217, in _receive_event
    data = await self._network_stream.read(
           ^^^^^^^^^^^^^^^^^^^^^^^^^^^^^^^^
  File "I:\AI面试\app\venv\Lib\site-packages\httpcore\_backends\anyio.py", line 32, in read
    with map_exceptions(exc_map):
  File "D:\Python\envs\python312\Lib\contextlib.py", line 158, in __exit__
    self.gen.throw(value)
  File "I:\AI面试\app\venv\Lib\site-packages\httpcore\_exceptions.py", line 14, in map_exceptions
    raise to_exc(exc) from exc
httpcore.ReadTimeout

The above exception was the direct cause of the following exception:

Traceback (most recent call last):
  File "I:\AI面试\app\api\routes\interview.py", line 226, in chat_audio
    mime_type = file.content_type or "audio/wav"
                      ^^^^^^^^^^^^^^^^^^^^^^^^^^^
  File "I:\AI面试\app\services\llm_service.py", line 110, in transcribe_audio
    response = await client.post(
               ^^^^^^^^^^^^^^^^^^
  File "I:\AI面试\app\venv\Lib\site-packages\httpx\_client.py", line 1859, in post
    return await self.request(
           ^^^^^^^^^^^^^^^^^^^
  File "I:\AI面试\app\venv\Lib\site-packages\httpx\_client.py", line 1540, in request
    return await self.send(request, auth=auth, follow_redirects=follow_redirects)
           ^^^^^^^^^^^^^^^^^^^^^^^^^^^^^^^^^^^^^^^^^^^^^^^^^^^^^^^^^^^^^^^^^^^^^^
  File "I:\AI面试\app\venv\Lib\site-packages\httpx\_client.py", line 1629, in send
    response = await self._send_handling_auth(
               ^^^^^^^^^^^^^^^^^^^^^^^^^^^^^^^
  File "I:\AI面试\app\venv\Lib\site-packages\httpx\_client.py", line 1657, in _send_handling_auth
    response = await self._send_handling_redirects(
               ^^^^^^^^^^^^^^^^^^^^^^^^^^^^^^^^^^^^
  File "I:\AI面试\app\venv\Lib\site-packages\httpx\_client.py", line 1694, in _send_handling_redirects
    response = await self._send_single_request(request)
               ^^^^^^^^^^^^^^^^^^^^^^^^^^^^^^^^^^^^^^^^
  File "I:\AI面试\app\venv\Lib\site-packages\httpx\_client.py", line 1730, in _send_single_request
    response = await transport.handle_async_request(request)
               ^^^^^^^^^^^^^^^^^^^^^^^^^^^^^^^^^^^^^^^^^^^^^
  File "I:\AI面试\app\venv\Lib\site-packages\httpx\_transports\default.py", line 393, in handle_async_request
    with map_httpcore_exceptions():
  File "D:\Python\envs\python312\Lib\contextlib.py", line 158, in __exit__
    self.gen.throw(value)
  File "I:\AI面试\app\venv\Lib\site-packages\httpx\_transports\default.py", line 118, in map_httpcore_exceptions
    raise mapped_exc(message) from exc
httpx.ReadTimeout
2026-01-25 18:42:47,816 | ERROR    | interview:chat_audio:305 - Chat Error: 
Traceback (most recent call last):
  File "I:\AI面试\app\venv\Lib\site-packages\httpx\_transports\default.py", line 101, in map_httpcore_exceptions
    yield
  File "I:\AI面试\app\venv\Lib\site-packages\httpx\_transports\default.py", line 394, in handle_async_request
    resp = await self._pool.handle_async_request(req)
           ^^^^^^^^^^^^^^^^^^^^^^^^^^^^^^^^^^^^^^^^^^
  File "I:\AI面试\app\venv\Lib\site-packages\httpcore\_async\connection_pool.py", line 256, in handle_async_request
    raise exc from None
  File "I:\AI面试\app\venv\Lib\site-packages\httpcore\_async\connection_pool.py", line 236, in handle_async_request
    response = await connection.handle_async_request(
               ^^^^^^^^^^^^^^^^^^^^^^^^^^^^^^^^^^^^^^
  File "I:\AI面试\app\venv\Lib\site-packages\httpcore\_async\http_proxy.py", line 343, in handle_async_request
    return await self._connection.handle_async_request(request)
           ^^^^^^^^^^^^^^^^^^^^^^^^^^^^^^^^^^^^^^^^^^^^^^^^^^^^
  File "I:\AI面试\app\venv\Lib\site-packages\httpcore\_async\http11.py", line 136, in handle_async_request
    raise exc
  File "I:\AI面试\app\venv\Lib\site-packages\httpcore\_async\http11.py", line 106, in handle_async_request
    ) = await self._receive_response_headers(**kwargs)
        ^^^^^^^^^^^^^^^^^^^^^^^^^^^^^^^^^^^^^^^^^^^^^^
  File "I:\AI面试\app\venv\Lib\site-packages\httpcore\_async\http11.py", line 177, in _receive_response_headers
    event = await self._receive_event(timeout=timeout)
            ^^^^^^^^^^^^^^^^^^^^^^^^^^^^^^^^^^^^^^^^^^
  File "I:\AI面试\app\venv\Lib\site-packages\httpcore\_async\http11.py", line 217, in _receive_event
    data = await self._network_stream.read(
           ^^^^^^^^^^^^^^^^^^^^^^^^^^^^^^^^
  File "I:\AI面试\app\venv\Lib\site-packages\httpcore\_backends\anyio.py", line 32, in read
    with map_exceptions(exc_map):
  File "D:\Python\envs\python312\Lib\contextlib.py", line 158, in __exit__
    self.gen.throw(value)
  File "I:\AI面试\app\venv\Lib\site-packages\httpcore\_exceptions.py", line 14, in map_exceptions
    raise to_exc(exc) from exc
httpcore.ReadTimeout

The above exception was the direct cause of the following exception:

Traceback (most recent call last):
  File "I:\AI面试\app\api\routes\interview.py", line 226, in chat_audio
    mime_type = file.content_type or "audio/wav"
                      ^^^^^^^^^^^^^^^^^^^^^^^^^^^
  File "I:\AI面试\app\services\llm_service.py", line 110, in transcribe_audio
    response = await client.post(
               ^^^^^^^^^^^^^^^^^^
  File "I:\AI面试\app\venv\Lib\site-packages\httpx\_client.py", line 1859, in post
    return await self.request(
           ^^^^^^^^^^^^^^^^^^^
  File "I:\AI面试\app\venv\Lib\site-packages\httpx\_client.py", line 1540, in request
    return await self.send(request, auth=auth, follow_redirects=follow_redirects)
           ^^^^^^^^^^^^^^^^^^^^^^^^^^^^^^^^^^^^^^^^^^^^^^^^^^^^^^^^^^^^^^^^^^^^^^
  File "I:\AI面试\app\venv\Lib\site-packages\httpx\_client.py", line 1629, in send
    response = await self._send_handling_auth(
               ^^^^^^^^^^^^^^^^^^^^^^^^^^^^^^^
  File "I:\AI面试\app\venv\Lib\site-packages\httpx\_client.py", line 1657, in _send_handling_auth
    response = await self._send_handling_redirects(
               ^^^^^^^^^^^^^^^^^^^^^^^^^^^^^^^^^^^^
  File "I:\AI面试\app\venv\Lib\site-packages\httpx\_client.py", line 1694, in _send_handling_redirects
    response = await self._send_single_request(request)
               ^^^^^^^^^^^^^^^^^^^^^^^^^^^^^^^^^^^^^^^^
  File "I:\AI面试\app\venv\Lib\site-packages\httpx\_client.py", line 1730, in _send_single_request
    response = await transport.handle_async_request(request)
               ^^^^^^^^^^^^^^^^^^^^^^^^^^^^^^^^^^^^^^^^^^^^^
  File "I:\AI面试\app\venv\Lib\site-packages\httpx\_transports\default.py", line 393, in handle_async_request
    with map_httpcore_exceptions():
  File "D:\Python\envs\python312\Lib\contextlib.py", line 158, in __exit__
    self.gen.throw(value)
  File "I:\AI面试\app\venv\Lib\site-packages\httpx\_transports\default.py", line 118, in map_httpcore_exceptions
    raise mapped_exc(message) from exc
httpx.ReadTimeout
